<?xml version="1.0" encoding="UTF-8"?>
<testng-results ignored="0" total="2" passed="2" failed="0" skipped="0">
  <reporter-output>
  </reporter-output>
  <suite started-at="2024-05-05T14:59:40 GMT" name="Default suite" finished-at="2024-05-05T14:59:47 GMT" duration-ms="7159">
    <groups>
    </groups>
    <test started-at="2024-05-05T14:59:40 GMT" name="Default test" finished-at="2024-05-05T14:59:47 GMT" duration-ms="7159">
      <class name="testScripts.GooglePageTest">
        <test-method is-config="true" signature="setup()[pri:0, instance:testScripts.GooglePageTest@3541cb24]" started-at="2024-05-05T14:59:40 GMT" name="setup" finished-at="2024-05-05T14:59:42 GMT" duration-ms="2155" status="PASS">
          <reporter-output>
          </reporter-output>
        </test-method> <!-- setup -->
        <test-method signature="javaSearchTest()[pri:0, instance:testScripts.GooglePageTest@3541cb24]" started-at="2024-05-05T14:59:42 GMT" name="javaSearchTest" finished-at="2024-05-05T14:59:45 GMT" duration-ms="2797" status="PASS">
          <reporter-output>
          </reporter-output>
        </test-method> <!-- javaSearchTest -->
        <test-method signature="seleniumSearchTest()[pri:0, instance:testScripts.GooglePageTest@3541cb24]" started-at="2024-05-05T14:59:45 GMT" name="seleniumSearchTest" finished-at="2024-05-05T14:59:47 GMT" duration-ms="1965" status="PASS">
          <reporter-output>
          </reporter-output>
        </test-method> <!-- seleniumSearchTest -->
        <test-method is-config="true" signature="teardown()[pri:0, instance:testScripts.GooglePageTest@3541cb24]" started-at="2024-05-05T14:59:47 GMT" name="teardown" finished-at="2024-05-05T14:59:47 GMT" duration-ms="198" status="PASS">
          <reporter-output>
          </reporter-output>
        </test-method> <!-- teardown -->
      </class> <!-- testScripts.GooglePageTest -->
    </test> <!-- Default test -->
  </suite> <!-- Default suite -->
</testng-results>
